2023-09-26 11:06:22,968 - [INFO] - [8f1d07bd-4b75-4d01-b0eb-021f86535731] - [main] New CSV doesn't needed! Starting polling!
2023-09-26 11:06:22,971 - [INFO] - [employees] Shift employees list was dumped from CSV
2023-09-26 11:06:22,973 - [INFO] - [employees] Fulltime employees list was dumped from CSV
2023-09-26 11:06:22,974 - [INFO] - [employees] Creating in-self class lists
2023-09-26 11:06:22,974 - [INFO] - [employees] In-self class lists was created.
2023-09-26 11:06:23,125 - [INFO] - [day-workers] Actual employee dict was generated. Subject: {'name': 'Фролова Анна', 'group': 'Poisk', 'telegram_id': '516552660', 'shift_start': '12:00', 'shift_end': '00:00', 'chat': {'state': False, 'lunch_time': None, 'scheduled': False}}
2023-09-26 11:06:23,126 - [INFO] - [day-workers] Actual employee dict was generated. Subject: {'name': 'Головин Дмитрий', 'group': 'ShopMaster', 'telegram_id': '351615249', 'shift_start': '08:00', 'shift_end': '20:00', 'chat': {'state': False, 'lunch_time': None, 'scheduled': False}}
2023-09-26 11:06:23,128 - [INFO] - [day-workers] Actual employee dict was generated. Subject: {'name': 'Погорелов Алексей', 'group': 'Poisk', 'telegram_id': '429984526', 'shift_start': '08:00', 'shift_end': '20:00', 'chat': {'state': False, 'lunch_time': None, 'scheduled': False}}
2023-09-26 11:06:23,129 - [INFO] - [day-workers] Actual employee dict was generated. Subject: {'name': 'Морозов Владимир', 'group': 'Poisk', 'telegram_id': '304238457', 'shift_start': '08:00', 'shift_end': '20:00', 'chat': {'state': False, 'lunch_time': None, 'scheduled': False}}
2023-09-26 11:06:23,130 - [INFO] - [day-workers] Actual employee dict was generated. Subject: {'name': 'Беззубов Евгений', 'group': 'ShopMaster', 'telegram_id': '318907379', 'shift_start': '08:00', 'shift_end': '20:00', 'chat': {'state': False, 'lunch_time': None, 'scheduled': False}}
2023-09-26 11:06:23,130 - [INFO] - [day-workers] Actual employee dict was generated. Subject: {'name': 'Базякина Мария', 'group': 'CMS', 'telegram_id': '199692753', 'shift_start': '10:00', 'shift_end': '19:00', 'chat': {'state': False, 'lunch_time': None, 'scheduled': False}}
2023-09-26 11:06:23,130 - [INFO] - [day-workers] Actual employee dict was generated. Subject: {'name': 'Плаксин Юрий', 'group': 'ShopMaster', 'telegram_id': '346080318', 'shift_start': '10:00', 'shift_end': '19:00', 'chat': {'state': False, 'lunch_time': None, 'scheduled': False}}
2023-09-26 11:06:23,131 - [INFO] - [day-workers] Actual employee dict was generated. Subject: {'name': 'Симакина Мария', 'group': 'LK', 'telegram_id': '423008640', 'shift_start': '09:00', 'shift_end': '18:00', 'chat': {'state': False, 'lunch_time': None, 'scheduled': False}}
2023-09-26 11:06:23,131 - [INFO] - [day-workers] Actual employee dict was generated. Subject: {'name': 'Салахутдинов Руслан', 'group': 'Poisk', 'telegram_id': '506080786', 'shift_start': '10:00', 'shift_end': '19:00', 'chat': {'state': False, 'lunch_time': None, 'scheduled': False}}
2023-09-26 11:06:23,132 - [INFO] - [day-workers] Actual employee dict was generated. Subject: {'name': 'Лапшин Иван', 'group': 'Poisk', 'telegram_id': '1000744032', 'shift_start': '09:00', 'shift_end': '18:00', 'chat': {'state': False, 'lunch_time': None, 'scheduled': False}}
2023-09-26 11:06:23,132 - [INFO] - [day-workers] Actual employee dict was generated. Subject: {'name': 'Соколов Вячеслав', 'group': 'ShopMaster', 'telegram_id': '818727118', 'shift_start': '10:00', 'shift_end': '19:00', 'chat': {'state': False, 'lunch_time': None, 'scheduled': False}}
2023-09-26 11:06:23,133 - [INFO] - [day-workers] Actual employee dict was generated. Subject: {'name': 'Юдина Дарья', 'group': 'ShopMaster', 'telegram_id': '979718482', 'shift_start': '09:00', 'shift_end': '18:00', 'chat': {'state': False, 'lunch_time': None, 'scheduled': False}}
2023-09-26 11:06:23,133 - [INFO] - [day-workers] DayWorkers class was initilated.
2023-09-26 11:06:23,141 - [INFO] - [employees] Shift employees list was dumped from CSV
2023-09-26 11:06:23,142 - [INFO] - [employees] Fulltime employees list was dumped from CSV
2023-09-26 11:06:23,143 - [INFO] - [employees] Creating in-self class lists
2023-09-26 11:06:23,143 - [INFO] - [employees] In-self class lists was created.
2023-09-26 11:06:23,201 - [INFO] - [day-workers] Actual employee dict was generated. Subject: {'name': 'Фролова Анна', 'group': 'Poisk', 'telegram_id': '516552660', 'shift_start': '12:00', 'shift_end': '00:00', 'chat': {'state': False, 'lunch_time': None, 'scheduled': False}}
2023-09-26 11:06:23,202 - [INFO] - [day-workers] Actual employee dict was generated. Subject: {'name': 'Головин Дмитрий', 'group': 'ShopMaster', 'telegram_id': '351615249', 'shift_start': '08:00', 'shift_end': '20:00', 'chat': {'state': False, 'lunch_time': None, 'scheduled': False}}
2023-09-26 11:06:23,202 - [INFO] - [day-workers] Actual employee dict was generated. Subject: {'name': 'Погорелов Алексей', 'group': 'Poisk', 'telegram_id': '429984526', 'shift_start': '08:00', 'shift_end': '20:00', 'chat': {'state': False, 'lunch_time': None, 'scheduled': False}}
2023-09-26 11:06:23,203 - [INFO] - [day-workers] Actual employee dict was generated. Subject: {'name': 'Морозов Владимир', 'group': 'Poisk', 'telegram_id': '304238457', 'shift_start': '08:00', 'shift_end': '20:00', 'chat': {'state': False, 'lunch_time': None, 'scheduled': False}}
2023-09-26 11:06:23,203 - [INFO] - [day-workers] Actual employee dict was generated. Subject: {'name': 'Беззубов Евгений', 'group': 'ShopMaster', 'telegram_id': '318907379', 'shift_start': '08:00', 'shift_end': '20:00', 'chat': {'state': False, 'lunch_time': None, 'scheduled': False}}
2023-09-26 11:06:23,204 - [INFO] - [day-workers] Actual employee dict was generated. Subject: {'name': 'Базякина Мария', 'group': 'CMS', 'telegram_id': '199692753', 'shift_start': '10:00', 'shift_end': '19:00', 'chat': {'state': False, 'lunch_time': None, 'scheduled': False}}
2023-09-26 11:06:23,204 - [INFO] - [day-workers] Actual employee dict was generated. Subject: {'name': 'Плаксин Юрий', 'group': 'ShopMaster', 'telegram_id': '346080318', 'shift_start': '10:00', 'shift_end': '19:00', 'chat': {'state': False, 'lunch_time': None, 'scheduled': False}}
2023-09-26 11:06:23,205 - [INFO] - [day-workers] Actual employee dict was generated. Subject: {'name': 'Симакина Мария', 'group': 'LK', 'telegram_id': '423008640', 'shift_start': '09:00', 'shift_end': '18:00', 'chat': {'state': False, 'lunch_time': None, 'scheduled': False}}
2023-09-26 11:06:23,205 - [INFO] - [day-workers] Actual employee dict was generated. Subject: {'name': 'Салахутдинов Руслан', 'group': 'Poisk', 'telegram_id': '506080786', 'shift_start': '10:00', 'shift_end': '19:00', 'chat': {'state': False, 'lunch_time': None, 'scheduled': False}}
2023-09-26 11:06:23,206 - [INFO] - [day-workers] Actual employee dict was generated. Subject: {'name': 'Лапшин Иван', 'group': 'Poisk', 'telegram_id': '1000744032', 'shift_start': '09:00', 'shift_end': '18:00', 'chat': {'state': False, 'lunch_time': None, 'scheduled': False}}
2023-09-26 11:06:23,206 - [INFO] - [day-workers] Actual employee dict was generated. Subject: {'name': 'Соколов Вячеслав', 'group': 'ShopMaster', 'telegram_id': '818727118', 'shift_start': '10:00', 'shift_end': '19:00', 'chat': {'state': False, 'lunch_time': None, 'scheduled': False}}
2023-09-26 11:06:23,207 - [INFO] - [day-workers] Actual employee dict was generated. Subject: {'name': 'Юдина Дарья', 'group': 'ShopMaster', 'telegram_id': '979718482', 'shift_start': '09:00', 'shift_end': '18:00', 'chat': {'state': False, 'lunch_time': None, 'scheduled': False}}
2023-09-26 11:06:23,207 - [INFO] - [day-workers] DayWorkers class was initilated.
2023-09-26 11:06:23,207 - [INFO] - [chatters] Found chatters for today. Scope: [{'name': 'Морозов Владимир', 'group': 'Poisk', 'telegram_id': '304238457', 'shift_start': '08:00', 'shift_end': '20:00', 'chat': {'state': True, 'lunch_time': None, 'scheduled': False}}, {'name': 'Беззубов Евгений', 'group': 'ShopMaster', 'telegram_id': '318907379', 'shift_start': '08:00', 'shift_end': '20:00', 'chat': {'state': True, 'lunch_time': None, 'scheduled': False}}]
2023-09-26 11:06:23,373 - [INFO] - [Sub] Subscription class was initialized. Found active subs:
[{'name': 'Сергеев Семен', 'telegram_id': '966243980', 'time_to_notify': '20:00'}, {'name': 'Кулаков Роман', 'telegram_id': '272506250', 'time_to_notify': '20:00'}, {'name': 'Погорелов Алексей', 'telegram_id': '429984526', 'time_to_notify': '20:00'}, {'name': 'Пушкарев Артем', 'telegram_id': '803095163', 'time_to_notify': '21:30'}]
2023-09-26 11:06:23,374 - [INFO] - [employees] Shift employees list was dumped from CSV
2023-09-26 11:06:23,375 - [INFO] - [employees] Fulltime employees list was dumped from CSV
2023-09-26 11:06:23,375 - [INFO] - [employees] Creating in-self class lists
2023-09-26 11:06:23,376 - [INFO] - [employees] In-self class lists was created.
2023-09-26 11:06:23,376 - [INFO] - [day-workers] Actual employee dict was generated. Subject: {'name': 'Кулаков Роман', 'group': 'ShopMaster', 'telegram_id': '272506250', 'shift_start': '08:00', 'shift_end': '20:00', 'chat': {'state': False, 'lunch_time': None, 'scheduled': False}}
2023-09-26 11:06:23,376 - [INFO] - [Sub] Schedule for Кулаков Роман was created, time: 20:00
2023-09-26 11:06:23,377 - [INFO] - [day-workers] Actual employee dict was generated. Subject: {'name': 'Пушкарев Артем', 'group': 'Poisk', 'telegram_id': '803095163', 'shift_start': '08:00', 'shift_end': '20:00', 'chat': {'state': False, 'lunch_time': None, 'scheduled': False}}
2023-09-26 11:06:23,377 - [INFO] - [Sub] Schedule for Пушкарев Артем was created, time: 21:30
2023-09-26 11:06:23,784 - [INFO] - Starting your bot with username: [@test_fqrmix_bot]
2023-09-26 11:06:23,788 - [INFO] - Started polling.
2023-09-26 11:07:30,243 - [INFO] - [0b4b24c0-6026-4f88-82fe-37f31695470f] - [main] New CSV doesn't needed! Starting polling!
2023-09-26 11:07:30,245 - [INFO] - [employees] Shift employees list was dumped from CSV
2023-09-26 11:07:30,247 - [INFO] - [employees] Fulltime employees list was dumped from CSV
2023-09-26 11:07:30,248 - [INFO] - [employees] Creating in-self class lists
2023-09-26 11:07:30,249 - [INFO] - [employees] In-self class lists was created.
2023-09-26 11:07:30,359 - [INFO] - [day-workers] Actual employee dict was generated. Subject: {'name': 'Фролова Анна', 'group': 'Poisk', 'telegram_id': '516552660', 'shift_start': '12:00', 'shift_end': '00:00', 'chat': {'state': False, 'lunch_time': None, 'scheduled': False}}
2023-09-26 11:07:30,360 - [INFO] - [day-workers] Actual employee dict was generated. Subject: {'name': 'Головин Дмитрий', 'group': 'ShopMaster', 'telegram_id': '351615249', 'shift_start': '08:00', 'shift_end': '20:00', 'chat': {'state': False, 'lunch_time': None, 'scheduled': False}}
2023-09-26 11:07:30,360 - [INFO] - [day-workers] Actual employee dict was generated. Subject: {'name': 'Погорелов Алексей', 'group': 'Poisk', 'telegram_id': '429984526', 'shift_start': '08:00', 'shift_end': '20:00', 'chat': {'state': False, 'lunch_time': None, 'scheduled': False}}
2023-09-26 11:07:30,360 - [INFO] - [day-workers] Actual employee dict was generated. Subject: {'name': 'Морозов Владимир', 'group': 'Poisk', 'telegram_id': '304238457', 'shift_start': '08:00', 'shift_end': '20:00', 'chat': {'state': False, 'lunch_time': None, 'scheduled': False}}
2023-09-26 11:07:30,361 - [INFO] - [day-workers] Actual employee dict was generated. Subject: {'name': 'Беззубов Евгений', 'group': 'ShopMaster', 'telegram_id': '318907379', 'shift_start': '08:00', 'shift_end': '20:00', 'chat': {'state': False, 'lunch_time': None, 'scheduled': False}}
2023-09-26 11:07:30,361 - [INFO] - [day-workers] Actual employee dict was generated. Subject: {'name': 'Базякина Мария', 'group': 'CMS', 'telegram_id': '199692753', 'shift_start': '10:00', 'shift_end': '19:00', 'chat': {'state': False, 'lunch_time': None, 'scheduled': False}}
2023-09-26 11:07:30,363 - [INFO] - [day-workers] Actual employee dict was generated. Subject: {'name': 'Плаксин Юрий', 'group': 'ShopMaster', 'telegram_id': '346080318', 'shift_start': '10:00', 'shift_end': '19:00', 'chat': {'state': False, 'lunch_time': None, 'scheduled': False}}
2023-09-26 11:07:30,363 - [INFO] - [day-workers] Actual employee dict was generated. Subject: {'name': 'Симакина Мария', 'group': 'LK', 'telegram_id': '423008640', 'shift_start': '09:00', 'shift_end': '18:00', 'chat': {'state': False, 'lunch_time': None, 'scheduled': False}}
2023-09-26 11:07:30,364 - [INFO] - [day-workers] Actual employee dict was generated. Subject: {'name': 'Салахутдинов Руслан', 'group': 'Poisk', 'telegram_id': '506080786', 'shift_start': '10:00', 'shift_end': '19:00', 'chat': {'state': False, 'lunch_time': None, 'scheduled': False}}
2023-09-26 11:07:30,364 - [INFO] - [day-workers] Actual employee dict was generated. Subject: {'name': 'Лапшин Иван', 'group': 'Poisk', 'telegram_id': '1000744032', 'shift_start': '09:00', 'shift_end': '18:00', 'chat': {'state': False, 'lunch_time': None, 'scheduled': False}}
2023-09-26 11:07:30,365 - [INFO] - [day-workers] Actual employee dict was generated. Subject: {'name': 'Соколов Вячеслав', 'group': 'ShopMaster', 'telegram_id': '818727118', 'shift_start': '10:00', 'shift_end': '19:00', 'chat': {'state': False, 'lunch_time': None, 'scheduled': False}}
2023-09-26 11:07:30,365 - [INFO] - [day-workers] Actual employee dict was generated. Subject: {'name': 'Юдина Дарья', 'group': 'ShopMaster', 'telegram_id': '979718482', 'shift_start': '09:00', 'shift_end': '18:00', 'chat': {'state': False, 'lunch_time': None, 'scheduled': False}}
2023-09-26 11:07:30,365 - [INFO] - [day-workers] DayWorkers class was initilated.
2023-09-26 11:07:30,373 - [INFO] - [employees] Shift employees list was dumped from CSV
2023-09-26 11:07:30,373 - [INFO] - [employees] Fulltime employees list was dumped from CSV
2023-09-26 11:07:30,374 - [INFO] - [employees] Creating in-self class lists
2023-09-26 11:07:30,374 - [INFO] - [employees] In-self class lists was created.
2023-09-26 11:07:30,438 - [INFO] - [day-workers] Actual employee dict was generated. Subject: {'name': 'Фролова Анна', 'group': 'Poisk', 'telegram_id': '516552660', 'shift_start': '12:00', 'shift_end': '00:00', 'chat': {'state': False, 'lunch_time': None, 'scheduled': False}}
2023-09-26 11:07:30,438 - [INFO] - [day-workers] Actual employee dict was generated. Subject: {'name': 'Головин Дмитрий', 'group': 'ShopMaster', 'telegram_id': '351615249', 'shift_start': '08:00', 'shift_end': '20:00', 'chat': {'state': False, 'lunch_time': None, 'scheduled': False}}
2023-09-26 11:07:30,439 - [INFO] - [day-workers] Actual employee dict was generated. Subject: {'name': 'Погорелов Алексей', 'group': 'Poisk', 'telegram_id': '429984526', 'shift_start': '08:00', 'shift_end': '20:00', 'chat': {'state': False, 'lunch_time': None, 'scheduled': False}}
2023-09-26 11:07:30,439 - [INFO] - [day-workers] Actual employee dict was generated. Subject: {'name': 'Морозов Владимир', 'group': 'Poisk', 'telegram_id': '304238457', 'shift_start': '08:00', 'shift_end': '20:00', 'chat': {'state': False, 'lunch_time': None, 'scheduled': False}}
2023-09-26 11:07:30,439 - [INFO] - [day-workers] Actual employee dict was generated. Subject: {'name': 'Беззубов Евгений', 'group': 'ShopMaster', 'telegram_id': '318907379', 'shift_start': '08:00', 'shift_end': '20:00', 'chat': {'state': False, 'lunch_time': None, 'scheduled': False}}
2023-09-26 11:07:30,440 - [INFO] - [day-workers] Actual employee dict was generated. Subject: {'name': 'Базякина Мария', 'group': 'CMS', 'telegram_id': '199692753', 'shift_start': '10:00', 'shift_end': '19:00', 'chat': {'state': False, 'lunch_time': None, 'scheduled': False}}
2023-09-26 11:07:30,441 - [INFO] - [day-workers] Actual employee dict was generated. Subject: {'name': 'Плаксин Юрий', 'group': 'ShopMaster', 'telegram_id': '346080318', 'shift_start': '10:00', 'shift_end': '19:00', 'chat': {'state': False, 'lunch_time': None, 'scheduled': False}}
2023-09-26 11:07:30,441 - [INFO] - [day-workers] Actual employee dict was generated. Subject: {'name': 'Симакина Мария', 'group': 'LK', 'telegram_id': '423008640', 'shift_start': '09:00', 'shift_end': '18:00', 'chat': {'state': False, 'lunch_time': None, 'scheduled': False}}
2023-09-26 11:07:30,441 - [INFO] - [day-workers] Actual employee dict was generated. Subject: {'name': 'Салахутдинов Руслан', 'group': 'Poisk', 'telegram_id': '506080786', 'shift_start': '10:00', 'shift_end': '19:00', 'chat': {'state': False, 'lunch_time': None, 'scheduled': False}}
2023-09-26 11:07:30,442 - [INFO] - [day-workers] Actual employee dict was generated. Subject: {'name': 'Лапшин Иван', 'group': 'Poisk', 'telegram_id': '1000744032', 'shift_start': '09:00', 'shift_end': '18:00', 'chat': {'state': False, 'lunch_time': None, 'scheduled': False}}
2023-09-26 11:07:30,442 - [INFO] - [day-workers] Actual employee dict was generated. Subject: {'name': 'Соколов Вячеслав', 'group': 'ShopMaster', 'telegram_id': '818727118', 'shift_start': '10:00', 'shift_end': '19:00', 'chat': {'state': False, 'lunch_time': None, 'scheduled': False}}
2023-09-26 11:07:30,443 - [INFO] - [day-workers] Actual employee dict was generated. Subject: {'name': 'Юдина Дарья', 'group': 'ShopMaster', 'telegram_id': '979718482', 'shift_start': '09:00', 'shift_end': '18:00', 'chat': {'state': False, 'lunch_time': None, 'scheduled': False}}
2023-09-26 11:07:30,443 - [INFO] - [day-workers] DayWorkers class was initilated.
2023-09-26 11:07:30,443 - [INFO] - [chatters] Found chatters for today. Scope: [{'name': 'Морозов Владимир', 'group': 'Poisk', 'telegram_id': '304238457', 'shift_start': '08:00', 'shift_end': '20:00', 'chat': {'state': True, 'lunch_time': None, 'scheduled': False}}, {'name': 'Беззубов Евгений', 'group': 'ShopMaster', 'telegram_id': '318907379', 'shift_start': '08:00', 'shift_end': '20:00', 'chat': {'state': True, 'lunch_time': None, 'scheduled': False}}]
2023-09-26 11:07:30,586 - [INFO] - [Sub] Subscription class was initialized. Found active subs:
[{'name': 'Сергеев Семен', 'telegram_id': '966243980', 'time_to_notify': '20:00'}, {'name': 'Кулаков Роман', 'telegram_id': '272506250', 'time_to_notify': '20:00'}, {'name': 'Погорелов Алексей', 'telegram_id': '429984526', 'time_to_notify': '20:00'}, {'name': 'Пушкарев Артем', 'telegram_id': '803095163', 'time_to_notify': '21:30'}]
2023-09-26 11:07:30,587 - [INFO] - [employees] Shift employees list was dumped from CSV
2023-09-26 11:07:30,588 - [INFO] - [employees] Fulltime employees list was dumped from CSV
2023-09-26 11:07:30,588 - [INFO] - [employees] Creating in-self class lists
2023-09-26 11:07:30,588 - [INFO] - [employees] In-self class lists was created.
2023-09-26 11:07:30,589 - [INFO] - [day-workers] Actual employee dict was generated. Subject: {'name': 'Кулаков Роман', 'group': 'ShopMaster', 'telegram_id': '272506250', 'shift_start': '08:00', 'shift_end': '20:00', 'chat': {'state': False, 'lunch_time': None, 'scheduled': False}}
2023-09-26 11:07:30,589 - [INFO] - [Sub] Schedule for Кулаков Роман was created, time: 20:00
2023-09-26 11:07:30,590 - [INFO] - [day-workers] Actual employee dict was generated. Subject: {'name': 'Пушкарев Артем', 'group': 'Poisk', 'telegram_id': '803095163', 'shift_start': '08:00', 'shift_end': '20:00', 'chat': {'state': False, 'lunch_time': None, 'scheduled': False}}
2023-09-26 11:07:30,590 - [INFO] - [Sub] Schedule for Пушкарев Артем was created, time: 21:30
2023-09-26 11:07:31,049 - [INFO] - Starting your bot with username: [@test_fqrmix_bot]
2023-09-26 11:07:31,053 - [INFO] - Started polling.
2023-09-26 11:09:43,784 - [INFO] - [321fc395-ede1-4890-9673-f1d1fa2402ce] - [main] New CSV doesn't needed! Starting polling!
2023-09-26 11:09:43,786 - [INFO] - [employees] Shift employees list was dumped from CSV
2023-09-26 11:09:43,788 - [INFO] - [employees] Fulltime employees list was dumped from CSV
2023-09-26 11:09:43,788 - [INFO] - [employees] Creating in-self class lists
2023-09-26 11:09:43,789 - [INFO] - [employees] In-self class lists was created.
2023-09-26 11:09:43,940 - [INFO] - [day-workers] Actual employee dict was generated. Subject: {'name': 'Фролова Анна', 'group': 'Poisk', 'telegram_id': '516552660', 'shift_start': '12:00', 'shift_end': '00:00', 'chat': {'state': False, 'lunch_time': None, 'scheduled': False}}
2023-09-26 11:09:43,941 - [INFO] - [day-workers] Actual employee dict was generated. Subject: {'name': 'Головин Дмитрий', 'group': 'ShopMaster', 'telegram_id': '351615249', 'shift_start': '08:00', 'shift_end': '20:00', 'chat': {'state': False, 'lunch_time': None, 'scheduled': False}}
2023-09-26 11:09:43,941 - [INFO] - [day-workers] Actual employee dict was generated. Subject: {'name': 'Погорелов Алексей', 'group': 'Poisk', 'telegram_id': '429984526', 'shift_start': '08:00', 'shift_end': '20:00', 'chat': {'state': False, 'lunch_time': None, 'scheduled': False}}
2023-09-26 11:09:43,941 - [INFO] - [day-workers] Actual employee dict was generated. Subject: {'name': 'Морозов Владимир', 'group': 'Poisk', 'telegram_id': '304238457', 'shift_start': '08:00', 'shift_end': '20:00', 'chat': {'state': False, 'lunch_time': None, 'scheduled': False}}
2023-09-26 11:09:43,942 - [INFO] - [day-workers] Actual employee dict was generated. Subject: {'name': 'Беззубов Евгений', 'group': 'ShopMaster', 'telegram_id': '318907379', 'shift_start': '08:00', 'shift_end': '20:00', 'chat': {'state': False, 'lunch_time': None, 'scheduled': False}}
2023-09-26 11:09:43,942 - [INFO] - [day-workers] Actual employee dict was generated. Subject: {'name': 'Базякина Мария', 'group': 'CMS', 'telegram_id': '199692753', 'shift_start': '10:00', 'shift_end': '19:00', 'chat': {'state': False, 'lunch_time': None, 'scheduled': False}}
2023-09-26 11:09:43,942 - [INFO] - [day-workers] Actual employee dict was generated. Subject: {'name': 'Плаксин Юрий', 'group': 'ShopMaster', 'telegram_id': '346080318', 'shift_start': '10:00', 'shift_end': '19:00', 'chat': {'state': False, 'lunch_time': None, 'scheduled': False}}
2023-09-26 11:09:43,943 - [INFO] - [day-workers] Actual employee dict was generated. Subject: {'name': 'Симакина Мария', 'group': 'LK', 'telegram_id': '423008640', 'shift_start': '09:00', 'shift_end': '18:00', 'chat': {'state': False, 'lunch_time': None, 'scheduled': False}}
2023-09-26 11:09:43,943 - [INFO] - [day-workers] Actual employee dict was generated. Subject: {'name': 'Салахутдинов Руслан', 'group': 'Poisk', 'telegram_id': '506080786', 'shift_start': '10:00', 'shift_end': '19:00', 'chat': {'state': False, 'lunch_time': None, 'scheduled': False}}
2023-09-26 11:09:43,944 - [INFO] - [day-workers] Actual employee dict was generated. Subject: {'name': 'Лапшин Иван', 'group': 'Poisk', 'telegram_id': '1000744032', 'shift_start': '09:00', 'shift_end': '18:00', 'chat': {'state': False, 'lunch_time': None, 'scheduled': False}}
2023-09-26 11:09:43,944 - [INFO] - [day-workers] Actual employee dict was generated. Subject: {'name': 'Соколов Вячеслав', 'group': 'ShopMaster', 'telegram_id': '818727118', 'shift_start': '10:00', 'shift_end': '19:00', 'chat': {'state': False, 'lunch_time': None, 'scheduled': False}}
2023-09-26 11:09:43,944 - [INFO] - [day-workers] Actual employee dict was generated. Subject: {'name': 'Юдина Дарья', 'group': 'ShopMaster', 'telegram_id': '979718482', 'shift_start': '09:00', 'shift_end': '18:00', 'chat': {'state': False, 'lunch_time': None, 'scheduled': False}}
2023-09-26 11:09:43,945 - [INFO] - [day-workers] DayWorkers class was initilated.
2023-09-26 11:09:43,952 - [INFO] - [employees] Shift employees list was dumped from CSV
2023-09-26 11:09:43,953 - [INFO] - [employees] Fulltime employees list was dumped from CSV
2023-09-26 11:09:43,953 - [INFO] - [employees] Creating in-self class lists
2023-09-26 11:09:43,954 - [INFO] - [employees] In-self class lists was created.
2023-09-26 11:09:44,036 - [INFO] - [day-workers] Actual employee dict was generated. Subject: {'name': 'Фролова Анна', 'group': 'Poisk', 'telegram_id': '516552660', 'shift_start': '12:00', 'shift_end': '00:00', 'chat': {'state': False, 'lunch_time': None, 'scheduled': False}}
2023-09-26 11:09:44,037 - [INFO] - [day-workers] Actual employee dict was generated. Subject: {'name': 'Головин Дмитрий', 'group': 'ShopMaster', 'telegram_id': '351615249', 'shift_start': '08:00', 'shift_end': '20:00', 'chat': {'state': False, 'lunch_time': None, 'scheduled': False}}
2023-09-26 11:09:44,038 - [INFO] - [day-workers] Actual employee dict was generated. Subject: {'name': 'Погорелов Алексей', 'group': 'Poisk', 'telegram_id': '429984526', 'shift_start': '08:00', 'shift_end': '20:00', 'chat': {'state': False, 'lunch_time': None, 'scheduled': False}}
2023-09-26 11:09:44,039 - [INFO] - [day-workers] Actual employee dict was generated. Subject: {'name': 'Морозов Владимир', 'group': 'Poisk', 'telegram_id': '304238457', 'shift_start': '08:00', 'shift_end': '20:00', 'chat': {'state': False, 'lunch_time': None, 'scheduled': False}}
2023-09-26 11:09:44,039 - [INFO] - [day-workers] Actual employee dict was generated. Subject: {'name': 'Беззубов Евгений', 'group': 'ShopMaster', 'telegram_id': '318907379', 'shift_start': '08:00', 'shift_end': '20:00', 'chat': {'state': False, 'lunch_time': None, 'scheduled': False}}
2023-09-26 11:09:44,040 - [INFO] - [day-workers] Actual employee dict was generated. Subject: {'name': 'Базякина Мария', 'group': 'CMS', 'telegram_id': '199692753', 'shift_start': '10:00', 'shift_end': '19:00', 'chat': {'state': False, 'lunch_time': None, 'scheduled': False}}
2023-09-26 11:09:44,041 - [INFO] - [day-workers] Actual employee dict was generated. Subject: {'name': 'Плаксин Юрий', 'group': 'ShopMaster', 'telegram_id': '346080318', 'shift_start': '10:00', 'shift_end': '19:00', 'chat': {'state': False, 'lunch_time': None, 'scheduled': False}}
2023-09-26 11:09:44,041 - [INFO] - [day-workers] Actual employee dict was generated. Subject: {'name': 'Симакина Мария', 'group': 'LK', 'telegram_id': '423008640', 'shift_start': '09:00', 'shift_end': '18:00', 'chat': {'state': False, 'lunch_time': None, 'scheduled': False}}
2023-09-26 11:09:44,042 - [INFO] - [day-workers] Actual employee dict was generated. Subject: {'name': 'Салахутдинов Руслан', 'group': 'Poisk', 'telegram_id': '506080786', 'shift_start': '10:00', 'shift_end': '19:00', 'chat': {'state': False, 'lunch_time': None, 'scheduled': False}}
2023-09-26 11:09:44,043 - [INFO] - [day-workers] Actual employee dict was generated. Subject: {'name': 'Лапшин Иван', 'group': 'Poisk', 'telegram_id': '1000744032', 'shift_start': '09:00', 'shift_end': '18:00', 'chat': {'state': False, 'lunch_time': None, 'scheduled': False}}
2023-09-26 11:09:44,043 - [INFO] - [day-workers] Actual employee dict was generated. Subject: {'name': 'Соколов Вячеслав', 'group': 'ShopMaster', 'telegram_id': '818727118', 'shift_start': '10:00', 'shift_end': '19:00', 'chat': {'state': False, 'lunch_time': None, 'scheduled': False}}
2023-09-26 11:09:44,044 - [INFO] - [day-workers] Actual employee dict was generated. Subject: {'name': 'Юдина Дарья', 'group': 'ShopMaster', 'telegram_id': '979718482', 'shift_start': '09:00', 'shift_end': '18:00', 'chat': {'state': False, 'lunch_time': None, 'scheduled': False}}
2023-09-26 11:09:44,045 - [INFO] - [day-workers] DayWorkers class was initilated.
2023-09-26 11:09:44,045 - [INFO] - [chatters] Found chatters for today. Scope: [{'name': 'Морозов Владимир', 'group': 'Poisk', 'telegram_id': '304238457', 'shift_start': '08:00', 'shift_end': '20:00', 'chat': {'state': True, 'lunch_time': None, 'scheduled': False}}, {'name': 'Беззубов Евгений', 'group': 'ShopMaster', 'telegram_id': '318907379', 'shift_start': '08:00', 'shift_end': '20:00', 'chat': {'state': True, 'lunch_time': None, 'scheduled': False}}]
2023-09-26 11:09:44,208 - [INFO] - [Sub] Subscription class was initialized. Found active subs:
[{'name': 'Сергеев Семен', 'telegram_id': '966243980', 'time_to_notify': '20:00'}, {'name': 'Кулаков Роман', 'telegram_id': '272506250', 'time_to_notify': '20:00'}, {'name': 'Погорелов Алексей', 'telegram_id': '429984526', 'time_to_notify': '20:00'}, {'name': 'Пушкарев Артем', 'telegram_id': '803095163', 'time_to_notify': '21:30'}]
2023-09-26 11:09:44,209 - [INFO] - [employees] Shift employees list was dumped from CSV
2023-09-26 11:09:44,210 - [INFO] - [employees] Fulltime employees list was dumped from CSV
2023-09-26 11:09:44,210 - [INFO] - [employees] Creating in-self class lists
2023-09-26 11:09:44,211 - [INFO] - [employees] In-self class lists was created.
2023-09-26 11:09:44,211 - [INFO] - [day-workers] Actual employee dict was generated. Subject: {'name': 'Кулаков Роман', 'group': 'ShopMaster', 'telegram_id': '272506250', 'shift_start': '08:00', 'shift_end': '20:00', 'chat': {'state': False, 'lunch_time': None, 'scheduled': False}}
2023-09-26 11:09:44,212 - [INFO] - [Sub] Schedule for Кулаков Роман was created, time: 20:00
2023-09-26 11:09:44,212 - [INFO] - [day-workers] Actual employee dict was generated. Subject: {'name': 'Пушкарев Артем', 'group': 'Poisk', 'telegram_id': '803095163', 'shift_start': '08:00', 'shift_end': '20:00', 'chat': {'state': False, 'lunch_time': None, 'scheduled': False}}
2023-09-26 11:09:44,212 - [INFO] - [Sub] Schedule for Пушкарев Артем was created, time: 21:30
2023-09-26 11:09:44,616 - [INFO] - Starting your bot with username: [@test_fqrmix_bot]
2023-09-26 11:09:44,617 - [INFO] - Started polling.
